<?xml version="1.0" encoding="UTF-8"?>
<!-- Generated by org.testng.reporters.JUnitXMLReporter -->
<testsuite hostname="SZ-QA01" name="Test" tests="1" failures="1" timestamp="7 Sep 2017 05:23:11 GMT" time="0.101" errors="0">
  <testcase name="f" time="0.035" classname="com.group.MavenTestProject.MavenTestProject.NewTest">
    <failure type="java.lang.NoClassDefFoundError" message="com/google/common/base/Function">
      <![CDATA[java.lang.NoClassDefFoundError: com/google/common/base/Function
	at com.group.MavenTestProject.MavenTestProject.NewTest.f(NewTest.java:15)
Caused by: java.lang.ClassNotFoundException: com.google.common.base.Function
	at java.net.URLClassLoader.findClass(Unknown Source)
	at java.lang.ClassLoader.loadClass(Unknown Source)
	at sun.misc.Launcher$AppClassLoader.loadClass(Unknown Source)
	at java.lang.ClassLoader.loadClass(Unknown Source)
	... 25 more
... Removed 24 stack frames]]>
    </failure>
  </testcase>
</testsuite>
