<?xml version="1.0" encoding="UTF-8"?>
<testng-results skipped="0" failed="0" total="1" passed="1">
  <reporter-output>
    <line>
      <![CDATA[testng]]>
    </line>
  </reporter-output>
  <suite name="Suite" duration-ms="5713" started-at="2017-09-07T09:33:15Z" finished-at="2017-09-07T09:33:21Z">
    <groups>
    </groups>
    <test name="Test" duration-ms="5713" started-at="2017-09-07T09:33:15Z" finished-at="2017-09-07T09:33:21Z">
      <class name="com.group.MavenTestProject.MavenTestProject.NewTest">
        <test-method status="PASS" signature="beforeTest()[pri:0, instance:com.group.MavenTestProject.MavenTestProject.NewTest@2c6a3f77]" name="beforeTest" is-config="true" duration-ms="5664" started-at="2017-09-07T09:33:15Z" finished-at="2017-09-07T09:33:21Z">
        </test-method>
        <test-method status="PASS" signature="f()[pri:0, instance:com.group.MavenTestProject.MavenTestProject.NewTest@2c6a3f77]" name="f" duration-ms="14" started-at="2017-09-07T09:33:21Z" finished-at="2017-09-07T09:33:21Z">
        </test-method>
        <test-method status="PASS" signature="afterTest()[pri:0, instance:com.group.MavenTestProject.MavenTestProject.NewTest@2c6a3f77]" name="afterTest" is-config="true" duration-ms="1" started-at="2017-09-07T09:33:21Z" finished-at="2017-09-07T09:33:21Z">
        </test-method>
      </class>
    </test>
  </suite>
</testng-results>
